<?xml version="1.0" encoding="UTF-8"?>
<testsuite name="OwnersApiTest" tests="5" skipped="1" failures="0" errors="0" timestamp="2021-01-15T05:42:56" hostname="DESKTOP-CJDRQHQ" time="6.26">
  <properties/>
  <testcase name="deleteOwner_byId()" classname="OwnersApiTest" time="2.127">
    <system-out><![CDATA[11:12:56.785 - [OwnersApiClient] INFO  : Initiated com.petclinic.api.OwnersApiClient instance
11:12:56.804 - [ApiCaller] INFO  : Request:
Request URI:	http://petclinicapi.e46708b92c054086909b.eastus.aksapp.io/petclinic/api/owners/
Body:
{"firstName":"Monica","lastName":"Geller","address":"Central Perk","city":"NYC","telephone":"7896541236"}
11:12:57.839 - [ApiCaller] INFO  : Response:
HTTP/1.1 201 
{"id":20,"firstName":"Monica","lastName":"Geller","address":"Central Perk","city":"NYC","telephone":"7896541236","pets":[]}
11:12:57.841 - [OwnersApiClient] INFO  : Initiated com.petclinic.api.OwnersApiClient instance
11:12:57.841 - [ApiCaller] INFO  : Request:
Request URI:	http://petclinicapi.e46708b92c054086909b.eastus.aksapp.io/petclinic/api/owners/20
Body:			<none>
11:12:58.759 - [ApiCaller] INFO  : Response:
HTTP/1.1 204 

]]></system-out>
    <system-err><![CDATA[]]></system-err>
  </testcase>
  <testcase name="createOwner_addingDetails()" classname="OwnersApiTest" time="1.023">
    <system-out><![CDATA[11:12:58.877 - [OwnersApiClient] INFO  : Initiated com.petclinic.api.OwnersApiClient instance
11:12:58.881 - [ApiCaller] INFO  : Request:
Request URI:	http://petclinicapi.e46708b92c054086909b.eastus.aksapp.io/petclinic/api/owners/
Body:
{"firstName":"Monica","lastName":"Geller","address":"Central Perk","city":"NYC","telephone":"7896541236"}
11:12:59.884 - [ApiCaller] INFO  : Response:
HTTP/1.1 201 
{"id":21,"firstName":"Monica","lastName":"Geller","address":"Central Perk","city":"NYC","telephone":"7896541236","pets":[]}
]]></system-out>
    <system-err><![CDATA[]]></system-err>
  </testcase>
  <testcase name="updateOwner_addingDetails()" classname="OwnersApiTest" time="0.002">
    <skipped/>
    <system-out><![CDATA[]]></system-out>
    <system-err><![CDATA[]]></system-err>
  </testcase>
  <testcase name="getOwner_byId()" classname="OwnersApiTest" time="2.403">
    <system-out><![CDATA[11:12:59.929 - [OwnersApiClient] INFO  : Initiated com.petclinic.api.OwnersApiClient instance
11:12:59.929 - [ApiCaller] INFO  : Request:
Request URI:	http://petclinicapi.e46708b92c054086909b.eastus.aksapp.io/petclinic/api/owners/
Body:
{"firstName":"Monica","lastName":"Geller","address":"Central Perk","city":"NYC","telephone":"7896541236"}
11:13:01.240 - [ApiCaller] INFO  : Response:
HTTP/1.1 201 
{"id":22,"firstName":"Monica","lastName":"Geller","address":"Central Perk","city":"NYC","telephone":"7896541236","pets":[]}
11:13:01.249 - [OwnersApiClient] INFO  : Initiated com.petclinic.api.OwnersApiClient instance
11:13:01.249 - [ApiCaller] INFO  : Request:
Request URI:	http://petclinicapi.e46708b92c054086909b.eastus.aksapp.io/petclinic/api/owners/22
Body:			<none>
11:13:02.327 - [ApiCaller] INFO  : Response:
HTTP/1.1 200 
{"id":22,"firstName":"Monica","lastName":"Geller","address":"Central Perk","city":"NYC","telephone":"7896541236","pets":[]}
]]></system-out>
    <system-err><![CDATA[]]></system-err>
  </testcase>
  <testcase name="getOwners_checkFieldsMatches()" classname="OwnersApiTest" time="0.667">
    <system-out><![CDATA[11:13:02.336 - [OwnersApiClient] INFO  : Initiated com.petclinic.api.OwnersApiClient instance
11:13:02.337 - [ApiCaller] INFO  : Request:
Request URI:	http://petclinicapi.e46708b92c054086909b.eastus.aksapp.io/petclinic/api/owners/
Body:			<none>
11:13:02.983 - [ApiCaller] INFO  : Response:
HTTP/1.1 200 
[{"id":1,"firstName":"George","lastName":"Franklin","address":"110 W. Liberty St.","city":"Madison","telephone":"6085551023","pets":[{"id":1,"name":"Leo","birthDate":"2010/09/07","type":{"id":1,"name":"cat"},"owner":1,"visits":[]}]},{"id":2,"firstName":"Betty","lastName":"Davis","address":"638 Cardinal Ave.","city":"Sun Prairie","telephone":"6085551749","pets":[{"id":2,"name":"Basil","birthDate":"2012/08/06","type":{"id":6,"name":"hamster"},"owner":2,"visits":[]}]},{"id":3,"firstName":"Eduardo","lastName":"Rodriquez","address":"2693 Commerce St.","city":"McFarland","telephone":"6085558763","pets":[{"id":4,"name":"Jewel","birthDate":"2010/03/07","type":{"id":2,"name":"dog"},"owner":3,"visits":[]},{"id":3,"name":"Rosy","birthDate":"2011/04/17","type":{"id":2,"name":"dog"},"owner":3,"visits":[]}]},{"id":4,"firstName":"Harold","lastName":"Davis","address":"563 Friendly St.","city":"Windsor","telephone":"6085553198","pets":[{"id":5,"name":"Iggy","birthDate":"2010/11/30","type":{"id":3,"name":"lizard"},"owner":4,"visits":[]}]},{"id":5,"firstName":"Peter","lastName":"McTavish","address":"2387 S. Fair Way","city":"Madison","telephone":"6085552765","pets":[{"id":6,"name":"George","birthDate":"2010/01/20","type":{"id":4,"name":"snake"},"owner":5,"visits":[]}]},{"id":6,"firstName":"Jean","lastName":"Coleman","address":"105 N. Lake St.","city":"Monona","telephone":"6085552654","pets":[{"id":8,"name":"Max","birthDate":"2012/09/04","type":{"id":1,"name":"cat"},"owner":6,"visits":[{"id":3,"date":"2013/01/03","description":"neutered","pet":8},{"id":2,"date":"2013/01/02","description":"rabies shot","pet":8}]},{"id":7,"name":"Samantha","birthDate":"2012/09/04","type":{"id":1,"name":"cat"},"owner":6,"visits":[{"id":4,"date":"2013/01/04","description":"spayed","pet":7},{"id":1,"date":"2013/01/01","description":"rabies shot","pet":7}]}]},{"id":7,"firstName":"Jeff","lastName":"Black","address":"1450 Oak Blvd.","city":"Monona","telephone":"6085555387","pets":[{"id":9,"name":"Lucky","birthDate":"2011/08/06","type":{"id":5,"name":"bird"},"owner":7,"visits":[]}]},{"id":8,"firstName":"Maria","lastName":"Escobito","address":"345 Maple St.","city":"Madison","telephone":"6085557683","pets":[{"id":10,"name":"Mulligan","birthDate":"2007/02/24","type":{"id":2,"name":"dog"},"owner":8,"visits":[]}]},{"id":9,"firstName":"David","lastName":"Schroeder","address":"2749 Blackhawk Trail","city":"Madison","telephone":"6085559435","pets":[{"id":11,"name":"Freddy","birthDate":"2010/03/09","type":{"id":5,"name":"bird"},"owner":9,"visits":[]}]},{"id":10,"firstName":"Carlos","lastName":"Estaban","address":"2335 Independence La.","city":"Waunakee","telephone":"6085555487","pets":[{"id":12,"name":"Lucky","birthDate":"2010/06/24","type":{"id":2,"name":"dog"},"owner":10,"visits":[]},{"id":13,"name":"Sly","birthDate":"2012/06/08","type":{"id":1,"name":"cat"},"owner":10,"visits":[]}]},{"id":12,"firstName":"Monica","lastName":"Geller","address":"Central Perk","city":"NYC","telephone":"7896541236","pets":[]},{"id":13,"firstName":"Monica","lastName":"Geller","address":"Central Perk","city":"NYC","telephone":"7896541236","pets":[]},{"id":15,"firstName":"Monica","lastName":"Geller","address":"Central Perk","city":"NYC","telephone":"7896541236","pets":[]},{"id":16,"firstName":"Monica","lastName":"Geller","address":"Central Perk","city":"NYC","telephone":"7896541236","pets":[]},{"id":18,"firstName":"Monica","lastName":"Geller","address":"Central Perk","city":"NYC","telephone":"7896541236","pets":[]},{"id":19,"firstName":"Monica","lastName":"Geller","address":"Central Perk","city":"NYC","telephone":"7896541236","pets":[]},{"id":21,"firstName":"Monica","lastName":"Geller","address":"Central Perk","city":"NYC","telephone":"7896541236","pets":[]},{"id":22,"firstName":"Monica","lastName":"Geller","address":"Central Perk","city":"NYC","telephone":"7896541236","pets":[]}]
]]></system-out>
    <system-err><![CDATA[]]></system-err>
  </testcase>
  <system-out><![CDATA[]]></system-out>
  <system-err><![CDATA[]]></system-err>
</testsuite>
