<?xml version="1.0" encoding="UTF-8"?>
<testsuite name="ServicesApiTest" tests="1" skipped="0" failures="0" errors="0" timestamp="2020-12-29T20:25:07" hostname="DESKTOP-CJDRQHQ" time="0.923">
  <properties/>
  <testcase name="getServices_DefaultLimit_ShouldReturn10Results()" classname="ServicesApiTest" time="0.923">
    <system-out><![CDATA[01:55:07.897 - [ServicesApiClient] INFO  : Initiated petclinic.api.services.ServicesApiClient instance
01:55:07.897 - [ApiCaller] INFO  : Request:
Request URI:	http://petclinicapi.e46708b92c054086909b.eastus.aksapp.io/petclinic/actuator/health
Body:			<none>
01:55:08.733 - [ApiCaller] INFO  : Response:
HTTP/1.1 200 
{"status":"UP"}
]]></system-out>
    <system-err><![CDATA[]]></system-err>
  </testcase>
  <system-out><![CDATA[]]></system-out>
  <system-err><![CDATA[]]></system-err>
</testsuite>
